#
# There is insufficient memory for the Java Runtime Environment to continue.
# Native memory allocation (mmap) failed to map 532676608 bytes for G1 virtual space
# Possible reasons:
#   The system is out of physical RAM or swap space
#   The process is running with CompressedOops enabled, and the Java Heap may be blocking the growth of the native heap
# Possible solutions:
#   Reduce memory load on the system
#   Increase physical memory or swap space
#   Check if swap backing store is full
#   Decrease Java heap size (-Xmx/-Xms)
#   Decrease number of Java threads
#   Decrease Java thread stack sizes (-Xss)
#   Set larger code cache with -XX:ReservedCodeCacheSize=
#   JVM is running with Zero Based Compressed Oops mode in which the Java heap is
#     placed in the first 32GB address space. The Java Heap base address is the
#     maximum limit for the native heap growth. Please use -XX:HeapBaseMinAddress
#     to set the Java Heap base and to place the Java Heap above 32GB virtual address.
# This output file may be truncated or incomplete.
#
#  Out of Memory Error (os_windows.cpp:3769), pid=55328, tid=18988
#
# JRE version:  (17.0.6) (build )
# Java VM: OpenJDK 64-Bit Server VM (17.0.6+0-b2043.56-10027231, mixed mode, sharing, tiered, compressed oops, compressed class ptrs, g1 gc, windows-amd64)
# No core dump will be written. Minidumps are not enabled by default on client versions of Windows
#

---------------  S U M M A R Y ------------

Command Line: org.jetbrains.kotlin.cli.jvm.K2JVMCompiler @D:\AndrPrj\StoryApp\app\build\20240220_11672018744946726790.compiler.options

Host: 12th Gen Intel(R) Core(TM) i5-12400, 12 cores, 31G,  Windows 11 , 64 bit Build 22621 (10.0.22621.2506)
Time: Tue Feb 20 17:19:22 2024 SE Asia Standard Time elapsed time: 0.006955 seconds (0d 0h 0m 0s)

---------------  T H R E A D  ---------------

Current thread (0x0000019847c8d110):  JavaThread "Unknown thread" [_thread_in_vm, id=18988, stack(0x000000235e600000,0x000000235e700000)]

Stack: [0x000000235e600000,0x000000235e700000]
Native frames: (J=compiled Java code, j=interpreted, Vv=VM code, C=native code)
V  [jvm.dll+0x683c9a]
V  [jvm.dll+0x8427a4]
V  [jvm.dll+0x843f9e]
V  [jvm.dll+0x844603]
V  [jvm.dll+0x249b75]
V  [jvm.dll+0x680b69]
V  [jvm.dll+0x67505a]
V  [jvm.dll+0x309acb]
V  [jvm.dll+0x310f86]
V  [jvm.dll+0x3608ee]
V  [jvm.dll+0x360b1f]
V  [jvm.dll+0x2dfbf8]
V  [jvm.dll+0x2e0b64]
V  [jvm.dll+0x814091]
V  [jvm.dll+0x36e6a1]
V  [jvm.dll+0x7f35cc]
V  [jvm.dll+0x3f0e8f]
V  [jvm.dll+0x3f29d1]
C  [jli.dll+0x526b]
C  [ucrtbase.dll+0x29363]
C  [KERNEL32.DLL+0x1257d]
C  [ntdll.dll+0x5aa58]


---------------  P R O C E S S  ---------------

Threads class SMR info:
_java_thread_list=0x00007ffe1d5dc058, length=0, elements={
}

Java Threads: ( => current thread )

Other Threads:
  0x0000019847d3b270 GCTaskThread "GC Thread#0" [stack: 0x000000235e700000,0x000000235e800000] [id=59388]
  0x0000019847d4bfb0 ConcurrentGCThread "G1 Main Marker" [stack: 0x000000235e800000,0x000000235e900000] [id=41744]
  0x0000019847d4d160 ConcurrentGCThread "G1 Conc#0" [stack: 0x000000235e900000,0x000000235ea00000] [id=48052]

[error occurred during error reporting (printing all threads), id 0xc0000005, EXCEPTION_ACCESS_VIOLATION (0xc0000005) at pc=0x00007ffe1cd90797]

VM state: not at safepoint (not fully initialized)

VM Mutex/Monitor currently owned by a thread:  ([mutex/lock_event])
[0x0000019847c88220] Heap_lock - owner thread: 0x0000019847c8d110

Heap address: 0x0000000604000000, size: 8128 MB, Compressed Oops mode: Zero based, Oop shift amount: 3

CDS archive(s) mapped at: [0x0000000000000000-0x0000000000000000-0x0000000000000000), size 0, SharedBaseAddress: 0x0000000800000000, ArchiveRelocationMode: 0.
Narrow klass base: 0x0000000000000000, Narrow klass shift: 0, Narrow klass range: 0x0

GC Precious Log:
<Empty>

Heap:
 garbage-first heap   total 0K, used 0K [0x0000000604000000, 0x0000000800000000)
  region size 4096K, 0 young (0K), 0 survivors (0K)

[error occurred during error reporting (printing heap information), id 0xc0000005, EXCEPTION_ACCESS_VIOLATION (0xc0000005) at pc=0x00007ffe1d17da89]

GC Heap History (0 events):
No events

Dll operation events (1 events):
Event: 0.005 Loaded shared library D:\InstallApps\AndroidStudio\jbr\bin\java.dll

Deoptimization events (0 events):
No events

Classes unloaded (0 events):
No events

Classes redefined (0 events):
No events

Internal exceptions (0 events):
No events

VM Operations (0 events):
No events

Events (0 events):
No events


Dynamic libraries:
0x00007ff79ccd0000 - 0x00007ff79ccda000 	D:\InstallApps\AndroidStudio\jbr\bin\java.exe
0x00007ffef6810000 - 0x00007ffef6a27000 	C:\Windows\SYSTEM32\ntdll.dll
0x00007ffef4d40000 - 0x00007ffef4e04000 	C:\Windows\System32\KERNEL32.DLL
0x00007ffef3ce0000 - 0x00007ffef4086000 	C:\Windows\System32\KERNELBASE.dll
0x00007ffef3bc0000 - 0x00007ffef3cd1000 	C:\Windows\System32\ucrtbase.dll
0x00007ffedb570000 - 0x00007ffedb58b000 	D:\InstallApps\AndroidStudio\jbr\bin\VCRUNTIME140.dll
0x00007ffedc760000 - 0x00007ffedc777000 	D:\InstallApps\AndroidStudio\jbr\bin\jli.dll
0x00007ffef5bc0000 - 0x00007ffef5d6e000 	C:\Windows\System32\USER32.dll
0x00007ffef42d0000 - 0x00007ffef42f6000 	C:\Windows\System32\win32u.dll
0x00007ffef5360000 - 0x00007ffef5389000 	C:\Windows\System32\GDI32.dll
0x00007ffef41b0000 - 0x00007ffef42c8000 	C:\Windows\System32\gdi32full.dll
0x00007ffee9510000 - 0x00007ffee97a3000 	C:\Windows\WinSxS\amd64_microsoft.windows.common-controls_6595b64144ccf1df_6.0.22621.2506_none_270c5ae97388e100\COMCTL32.dll
0x00007ffef4110000 - 0x00007ffef41aa000 	C:\Windows\System32\msvcp_win.dll
0x00007ffef5820000 - 0x00007ffef58c7000 	C:\Windows\System32\msvcrt.dll
0x00007ffef48c0000 - 0x00007ffef48f1000 	C:\Windows\System32\IMM32.DLL
0x00007ffedd3c0000 - 0x00007ffedd3cc000 	D:\InstallApps\AndroidStudio\jbr\bin\vcruntime140_1.dll
0x00007ffec1870000 - 0x00007ffec18fd000 	D:\InstallApps\AndroidStudio\jbr\bin\msvcp140.dll
0x00007ffe1caa0000 - 0x00007ffe1d70e000 	D:\InstallApps\AndroidStudio\jbr\bin\server\jvm.dll
0x00007ffef4e10000 - 0x00007ffef4ec3000 	C:\Windows\System32\ADVAPI32.dll
0x00007ffef4b90000 - 0x00007ffef4c38000 	C:\Windows\System32\sechost.dll
0x00007ffef4300000 - 0x00007ffef4328000 	C:\Windows\System32\bcrypt.dll
0x00007ffef49c0000 - 0x00007ffef4ad7000 	C:\Windows\System32\RPCRT4.dll
0x00007ffee3d90000 - 0x00007ffee3dc4000 	C:\Windows\SYSTEM32\WINMM.dll
0x00007ffeeca70000 - 0x00007ffeeca79000 	C:\Windows\SYSTEM32\WSOCK32.dll
0x00007ffeeb350000 - 0x00007ffeeb35a000 	C:\Windows\SYSTEM32\VERSION.dll
0x00007ffef4840000 - 0x00007ffef48b1000 	C:\Windows\System32\WS2_32.dll
0x00007ffef2ae0000 - 0x00007ffef2af8000 	C:\Windows\SYSTEM32\kernel.appcore.dll
0x00007ffeeab80000 - 0x00007ffeeab8a000 	D:\InstallApps\AndroidStudio\jbr\bin\jimage.dll
0x00007ffee27d0000 - 0x00007ffee2a03000 	C:\Windows\SYSTEM32\DBGHELP.DLL
0x00007ffef5470000 - 0x00007ffef57f9000 	C:\Windows\System32\combase.dll
0x00007ffef5390000 - 0x00007ffef5467000 	C:\Windows\System32\OLEAUT32.dll
0x00007ffecc360000 - 0x00007ffecc392000 	C:\Windows\SYSTEM32\dbgcore.DLL
0x00007ffef4090000 - 0x00007ffef410a000 	C:\Windows\System32\bcryptPrimitives.dll
0x00007ffedb9e0000 - 0x00007ffedba05000 	D:\InstallApps\AndroidStudio\jbr\bin\java.dll

dbghelp: loaded successfully - version: 4.0.5 - missing functions: none
symbol engine: initialized successfully - sym options: 0x614 - pdb path: .;D:\InstallApps\AndroidStudio\jbr\bin;C:\Windows\SYSTEM32;C:\Windows\WinSxS\amd64_microsoft.windows.common-controls_6595b64144ccf1df_6.0.22621.2506_none_270c5ae97388e100;D:\InstallApps\AndroidStudio\jbr\bin\server

VM Arguments:
java_command: org.jetbrains.kotlin.cli.jvm.K2JVMCompiler @D:\AndrPrj\StoryApp\app\build\20240220_11672018744946726790.compiler.options
java_class_path (initial): C:\Users\Tuan\.gradle\caches\modules-2\files-2.1\org.jetbrains.kotlin\kotlin-compiler-embeddable\1.9.0\2c8c3a7402becca891f12739b3e9fd2dc2adbd7a\kotlin-compiler-embeddable-1.9.0.jar;C:\Users\Tuan\.gradle\caches\modules-2\files-2.1\org.jetbrains.kotlin\kotlin-stdlib\1.9.0\8ee15ef0c67dc83d874f412d84378d7f0eb50b63\kotlin-stdlib-1.9.0.jar;C:\Users\Tuan\.gradle\caches\modules-2\files-2.1\org.jetbrains.kotlin\kotlin-script-runtime\1.9.0\4b3102cbbb7e1b58d9d1adf89563f00069ffa7d1\kotlin-script-runtime-1.9.0.jar;C:\Users\Tuan\.gradle\caches\modules-2\files-2.1\org.jetbrains.kotlin\kotlin-reflect\1.6.10\1cbe9c92c12a94eea200d23c2bbaedaf3daf5132\kotlin-reflect-1.6.10.jar;C:\Users\Tuan\.gradle\caches\modules-2\files-2.1\org.jetbrains.kotlin\kotlin-daemon-embeddable\1.9.0\186543f5e28cf8d9a0290fecc2cf34301c40a65c\kotlin-daemon-embeddable-1.9.0.jar;C:\Users\Tuan\.gradle\caches\modules-2\files-2.1\org.jetbrains.intellij.deps\trove4j\1.0.20200330\3afb14d5f9ceb459d724e907a21145e8ff394f02\trove4j-1.0.20200330.jar;C:\Users\Tuan\.gradle\caches\modules-2\files-2.1\org.jetbrains.kotlin\kotlin-stdlib-common\1.9.0\cd65c21cfd1eec4d44ef09f9f52b6d9f8a720636\kotlin-stdlib-common-1.9.0.jar;C:\Users\Tuan\.gradle\caches\modules-2\files-2.1\org.jetbrains\annotations\13.0\919f0dfe192fb4e063e7dacadee7f8bb9a2672a9\annotations-13.0.jar
Launcher Type: SUN_STANDARD

[Global flags]
     intx CICompilerCount                          = 4                                         {product} {ergonomic}
     uint ConcGCThreads                            = 3                                         {product} {ergonomic}
     uint G1ConcRefinementThreads                  = 10                                        {product} {ergonomic}
   size_t G1HeapRegionSize                         = 4194304                                   {product} {ergonomic}
    uintx GCDrainStackTargetSize                   = 64                                        {product} {ergonomic}
   size_t InitialHeapSize                          = 532676608                                 {product} {ergonomic}
   size_t MarkStackSize                            = 4194304                                   {product} {ergonomic}
   size_t MaxHeapSize                              = 8522825728                                {product} {ergonomic}
   size_t MinHeapDeltaBytes                        = 4194304                                   {product} {ergonomic}
   size_t MinHeapSize                              = 8388608                                   {product} {ergonomic}
    uintx NonNMethodCodeHeapSize                   = 5839372                                {pd product} {ergonomic}
    uintx NonProfiledCodeHeapSize                  = 122909434                              {pd product} {ergonomic}
    uintx ProfiledCodeHeapSize                     = 122909434                              {pd product} {ergonomic}
    uintx ReservedCodeCacheSize                    = 251658240                              {pd product} {ergonomic}
     bool SegmentedCodeCache                       = true                                      {product} {ergonomic}
   size_t SoftMaxHeapSize                          = 8522825728                             {manageable} {ergonomic}
     bool UseCompressedClassPointers               = true                           {product lp64_product} {ergonomic}
     bool UseCompressedOops                        = true                           {product lp64_product} {ergonomic}
     bool UseG1GC                                  = true                                      {product} {ergonomic}
     bool UseLargePagesIndividualAllocation        = false                                  {pd product} {ergonomic}

Logging:
Log output configuration:
 #0: stdout all=warning uptime,level,tags
 #1: stderr all=off uptime,level,tags

Environment Variables:
PATH=C:\Program Files (x86)\Razer Chroma SDK\bin;C:\Program Files\Razer Chroma SDK\bin;C:\Program Files (x86)\Razer\ChromaBroadcast\bin;C:\Program Files\Razer\ChromaBroadcast\bin;C:\Windows\system32;C:\Windows;C:\Windows\System32\Wbem;C:\Windows\System32\WindowsPowerShell\v1.0\;C:\Windows\System32\OpenSSH\;C:\Windows\system32\config\systemprofile\AppData\Local\Microsoft\WindowsApps;C:\Program Files\dotnet\;C:\Program Files (x86)\NVIDIA Corporation\PhysX\Common;C:\Program Files\NVIDIA Corporation\NVIDIA NvDLISR;C:\Program Files\Git\cmd;C:\Users\Tuan\AppData\Local\Microsoft\WindowsApps;C:\Users\Tuan\AppData\Local\GitHubDesktop\bin
USERNAME=Tuan
OS=Windows_NT
PROCESSOR_IDENTIFIER=Intel64 Family 6 Model 151 Stepping 5, GenuineIntel
TMP=C:\Users\Tuan\AppData\Local\Temp
TEMP=C:\Users\Tuan\AppData\Local\Temp


JNI global refs:

[error occurred during error reporting (JNI global references), id 0xc0000005, EXCEPTION_ACCESS_VIOLATION (0xc0000005) at pc=0x00007ffe1cb57a10]


---------------  S Y S T E M  ---------------

OS:
 Windows 11 , 64 bit Build 22621 (10.0.22621.2506)
OS uptime: 5 days 4:00 hours
Hyper-V role detected

CPU: total 12 (initial active 12) (6 cores per cpu, 2 threads per core) family 6 model 151 stepping 5 microcode 0x32, cx8, cmov, fxsr, ht, mmx, 3dnowpref, sse, sse2, sse3, ssse3, sse4.1, sse4.2, popcnt, lzcnt, tsc, tscinvbit, avx, avx2, aes, erms, clmul, bmi1, bmi2, adx, sha, fma, vzeroupper, clflush, clflushopt, clwb, hv

Memory: 4k page, system-wide physical 32509M (12242M free)
TotalPageFile size 62035M (AvailPageFile size 405M)
current process WorkingSet (physical memory assigned to process): 12M, peak: 12M
current process commit charge ("private bytes"): 64M, peak: 572M

vm_info: OpenJDK 64-Bit Server VM (17.0.6+0-b2043.56-10027231) for windows-amd64 JRE (17.0.6+0-b2043.56-10027231), built on Apr 28 2023 00:43:19 by "androidbuild" with MS VC++ 16.10 / 16.11 (VS2019)

END.
